mode: set
github.com/appleboy/com/bytesconv/bytesconv_1.20.go:9.34,11.2 1 1
github.com/appleboy/com/bytesconv/bytesconv_1.20.go:15.34,17.2 1 1
github.com/appleboy/com/array/array.go:16.52,17.29 1 1
github.com/appleboy/com/array/array.go:17.29,18.18 1 1
github.com/appleboy/com/array/array.go:18.18,20.4 1 1
github.com/appleboy/com/array/array.go:22.2,22.14 1 1
github.com/appleboy/com/file/file.go:14.38,16.16 2 1
github.com/appleboy/com/file/file.go:16.16,18.3 1 1
github.com/appleboy/com/file/file.go:19.2,19.23 1 1
github.com/appleboy/com/file/file.go:25.44,27.16 2 1
github.com/appleboy/com/file/file.go:27.16,29.3 1 1
github.com/appleboy/com/file/file.go:30.2,30.24 1 1
github.com/appleboy/com/file/file.go:36.36,38.2 1 1
github.com/appleboy/com/file/file.go:43.34,45.16 2 0
github.com/appleboy/com/file/file.go:45.16,47.3 1 0
github.com/appleboy/com/file/file.go:48.2,48.40 1 0
github.com/appleboy/com/file/file.go:48.40,50.3 1 0
github.com/appleboy/com/file/file.go:52.2,53.16 2 0
github.com/appleboy/com/file/file.go:53.16,55.3 1 0
github.com/appleboy/com/file/file.go:56.2,56.15 1 0
github.com/appleboy/com/file/file.go:56.15,57.42 1 0
github.com/appleboy/com/file/file.go:57.42,59.4 1 0
github.com/appleboy/com/file/file.go:62.2,62.40 1 0
github.com/appleboy/com/file/file.go:62.40,64.3 1 0
github.com/appleboy/com/file/file.go:66.2,67.16 2 0
github.com/appleboy/com/file/file.go:67.16,69.3 1 0
github.com/appleboy/com/file/file.go:70.2,70.15 1 0
github.com/appleboy/com/file/file.go:70.15,71.47 1 0
github.com/appleboy/com/file/file.go:71.47,73.4 1 0
github.com/appleboy/com/file/file.go:76.2,76.56 1 0
github.com/appleboy/com/file/file.go:76.56,78.3 1 0
github.com/appleboy/com/file/file.go:79.2,79.12 1 0
github.com/appleboy/com/file/file.go:85.37,87.18 2 1
github.com/appleboy/com/file/file.go:87.18,89.3 1 1
github.com/appleboy/com/file/file.go:90.2,91.46 2 1
github.com/appleboy/com/file/file.go:91.46,94.3 2 1
github.com/appleboy/com/file/file.go:95.2,95.76 1 1
github.com/appleboy/com/random/random.go:32.41,35.16 3 1
github.com/appleboy/com/random/random.go:35.16,37.3 1 0
github.com/appleboy/com/random/random.go:38.2,38.19 1 1
github.com/appleboy/com/random/random.go:46.70,48.16 2 1
github.com/appleboy/com/random/random.go:48.16,50.3 1 0
github.com/appleboy/com/random/random.go:51.2,52.26 2 1
github.com/appleboy/com/random/random.go:52.26,54.3 1 1
github.com/appleboy/com/random/random.go:56.2,56.41 1 1
github.com/appleboy/com/random/random.go:78.53,83.66 4 1
github.com/appleboy/com/random/random.go:83.66,84.18 1 1
github.com/appleboy/com/random/random.go:84.18,86.4 1 0
github.com/appleboy/com/random/random.go:87.3,87.64 1 1
github.com/appleboy/com/random/random.go:87.64,90.4 2 1
github.com/appleboy/com/random/random.go:91.3,92.11 2 1
github.com/appleboy/com/random/random.go:95.2,95.32 1 1
github.com/appleboy/com/random/random.go:102.32,104.2 1 1
github.com/appleboy/com/random/random.go:112.77,113.19 1 0
github.com/appleboy/com/random/random.go:113.19,115.3 1 0
github.com/appleboy/com/random/random.go:116.2,116.12 1 0
github.com/appleboy/com/random/random.go:116.12,118.3 1 0
github.com/appleboy/com/random/random.go:120.2,120.54 1 0
github.com/appleboy/com/gh/gh.go:12.46,14.24 2 1
github.com/appleboy/com/gh/gh.go:14.24,16.3 1 1
github.com/appleboy/com/gh/gh.go:18.2,19.16 2 1
github.com/appleboy/com/gh/gh.go:19.16,21.3 1 1
github.com/appleboy/com/gh/gh.go:22.2,22.15 1 1
github.com/appleboy/com/gh/gh.go:22.15,23.40 1 1
github.com/appleboy/com/gh/gh.go:23.40,26.4 1 0
github.com/appleboy/com/gh/gh.go:29.2,29.25 1 1
github.com/appleboy/com/gh/gh.go:29.25,30.32 1 1
github.com/appleboy/com/gh/gh.go:30.32,34.18 3 1
github.com/appleboy/com/gh/gh.go:34.18,36.5 1 0
github.com/appleboy/com/gh/gh.go:37.9,40.18 2 1
github.com/appleboy/com/gh/gh.go:40.18,42.5 1 0
github.com/appleboy/com/gh/gh.go:46.2,46.12 1 1
github.com/appleboy/com/gh/gh.go:50.33,52.40 2 1
github.com/appleboy/com/gh/gh.go:52.40,55.3 1 0
github.com/appleboy/com/gh/gh.go:56.2,56.47 1 1
github.com/appleboy/com/trace/trace.go:8.43,13.2 4 1
github.com/appleboy/com/convert/convert.go:16.33,17.34 1 1
github.com/appleboy/com/convert/convert.go:17.34,19.3 1 0
github.com/appleboy/com/convert/convert.go:20.2,20.33 1 1
github.com/appleboy/com/convert/convert.go:24.29,25.31 1 1
github.com/appleboy/com/convert/convert.go:26.12,27.15 1 0
github.com/appleboy/com/convert/convert.go:28.13,29.16 1 0
github.com/appleboy/com/convert/convert.go:30.14,31.16 1 0
github.com/appleboy/com/convert/convert.go:32.20,33.16 1 0
github.com/appleboy/com/convert/convert.go:35.3,35.14 1 0
github.com/appleboy/com/convert/convert.go:36.15,37.24 1 0
github.com/appleboy/com/convert/convert.go:38.15,39.17 1 0
github.com/appleboy/com/convert/convert.go:39.17,41.4 1 0
github.com/appleboy/com/convert/convert.go:42.3,42.15 1 0
github.com/appleboy/com/convert/convert.go:43.16,44.24 1 0
github.com/appleboy/com/convert/convert.go:45.15,46.17 1 0
github.com/appleboy/com/convert/convert.go:46.17,48.4 1 0
github.com/appleboy/com/convert/convert.go:49.3,49.15 1 0
github.com/appleboy/com/convert/convert.go:50.16,51.24 1 0
github.com/appleboy/com/convert/convert.go:52.11,53.17 1 1
github.com/appleboy/com/convert/convert.go:53.17,55.4 1 1
github.com/appleboy/com/convert/convert.go:56.3,56.15 1 1
github.com/appleboy/com/convert/convert.go:57.12,58.24 1 0
github.com/appleboy/com/convert/convert.go:60.2,60.14 1 0
github.com/appleboy/com/convert/convert.go:64.37,66.2 1 0
github.com/appleboy/com/convert/convert.go:69.39,71.2 1 0
github.com/appleboy/com/convert/convert.go:74.37,76.2 1 0
github.com/appleboy/com/convert/convert.go:79.41,81.2 1 0
github.com/appleboy/com/convert/convert.go:84.41,86.2 1 0
github.com/appleboy/com/convert/convert.go:89.43,91.2 1 0
github.com/appleboy/com/convert/convert.go:94.43,96.2 1 0
github.com/appleboy/com/convert/convert.go:99.27,100.31 1 1
github.com/appleboy/com/convert/convert.go:101.12,102.26 1 1
github.com/appleboy/com/convert/convert.go:103.11,104.25 1 0
github.com/appleboy/com/convert/convert.go:105.12,106.23 1 0
github.com/appleboy/com/convert/convert.go:107.49,108.32 1 0
github.com/appleboy/com/convert/convert.go:109.13,110.27 1 0
github.com/appleboy/com/convert/convert.go:111.14,112.23 1 0
github.com/appleboy/com/convert/convert.go:113.51,114.33 1 0
github.com/appleboy/com/convert/convert.go:115.14,116.28 1 0
github.com/appleboy/com/convert/convert.go:117.15,118.23 1 0
github.com/appleboy/com/convert/convert.go:119.14,120.28 1 0
github.com/appleboy/com/convert/convert.go:121.15,122.23 1 0
github.com/appleboy/com/convert/convert.go:123.15,124.29 1 0
github.com/appleboy/com/convert/convert.go:125.16,126.23 1 0
github.com/appleboy/com/convert/convert.go:127.15,128.29 1 0
github.com/appleboy/com/convert/convert.go:129.16,130.23 1 0
github.com/appleboy/com/convert/convert.go:131.14,132.28 1 0
github.com/appleboy/com/convert/convert.go:133.15,134.23 1 0
github.com/appleboy/com/convert/convert.go:139.2,139.12 1 0
github.com/appleboy/com/convert/convert.go:143.32,144.11 1 1
github.com/appleboy/com/convert/convert.go:144.11,146.3 1 1
github.com/appleboy/com/convert/convert.go:147.2,147.10 1 1
github.com/appleboy/com/convert/convert.go:151.30,152.28 1 0
github.com/appleboy/com/convert/convert.go:152.28,154.3 1 0
github.com/appleboy/com/convert/convert.go:155.2,155.14 1 0
github.com/appleboy/com/convert/convert.go:159.34,160.28 1 0
github.com/appleboy/com/convert/convert.go:160.28,162.3 1 0
github.com/appleboy/com/convert/convert.go:163.2,163.19 1 0
github.com/appleboy/com/convert/convert.go:167.36,168.29 1 0
github.com/appleboy/com/convert/convert.go:168.29,170.3 1 0
github.com/appleboy/com/convert/convert.go:171.2,171.19 1 0
github.com/appleboy/com/convert/convert.go:175.36,176.29 1 0
github.com/appleboy/com/convert/convert.go:176.29,178.3 1 0
github.com/appleboy/com/convert/convert.go:179.2,179.19 1 0
github.com/appleboy/com/convert/convert.go:183.38,184.30 1 0
github.com/appleboy/com/convert/convert.go:184.30,186.3 1 0
github.com/appleboy/com/convert/convert.go:187.2,187.19 1 0
github.com/appleboy/com/convert/convert.go:191.38,192.30 1 0
github.com/appleboy/com/convert/convert.go:192.30,194.3 1 0
github.com/appleboy/com/convert/convert.go:195.2,195.19 1 0
github.com/appleboy/com/convert/convert.go:199.36,201.16 2 0
github.com/appleboy/com/convert/convert.go:201.16,203.3 1 0
github.com/appleboy/com/convert/convert.go:204.2,204.19 1 0
github.com/appleboy/com/convert/convert.go:208.37,209.27 1 0
github.com/appleboy/com/convert/convert.go:210.12,211.16 1 0
github.com/appleboy/com/convert/convert.go:212.13,213.17 1 0
github.com/appleboy/com/convert/convert.go:214.13,215.16 1 0
github.com/appleboy/com/convert/convert.go:216.14,217.17 1 0
github.com/appleboy/com/convert/convert.go:218.13,219.16 1 0
github.com/appleboy/com/convert/convert.go:220.14,221.17 1 0
github.com/appleboy/com/convert/convert.go:223.2,223.12 1 0
github.com/appleboy/com/convert/convert.go:227.38,228.27 1 0
github.com/appleboy/com/convert/convert.go:229.12,230.24 1 0
github.com/appleboy/com/convert/convert.go:230.24,232.4 1 0
github.com/appleboy/com/convert/convert.go:233.3,233.16 1 0
github.com/appleboy/com/convert/convert.go:234.13,235.19 1 0
github.com/appleboy/com/convert/convert.go:236.13,237.16 1 0
github.com/appleboy/com/convert/convert.go:238.14,239.17 1 0
github.com/appleboy/com/convert/convert.go:240.14,241.16 1 0
github.com/appleboy/com/convert/convert.go:242.15,243.17 1 0
github.com/appleboy/com/convert/convert.go:245.2,245.12 1 0
github.com/appleboy/com/convert/convert.go:249.29,250.31 1 1
github.com/appleboy/com/convert/convert.go:251.12,252.12 1 1
github.com/appleboy/com/convert/convert.go:252.12,254.4 1 1
github.com/appleboy/com/convert/convert.go:255.3,255.13 1 1
github.com/appleboy/com/convert/convert.go:256.13,257.25 1 0
github.com/appleboy/com/convert/convert.go:258.11,259.24 1 0
github.com/appleboy/com/convert/convert.go:260.14,261.25 1 0
github.com/appleboy/com/convert/convert.go:262.15,263.15 1 0
github.com/appleboy/com/convert/convert.go:264.16,265.25 1 0
github.com/appleboy/com/convert/convert.go:266.15,267.15 1 0
github.com/appleboy/com/convert/convert.go:268.16,269.25 1 0
github.com/appleboy/com/convert/convert.go:270.14,272.17 2 0
github.com/appleboy/com/convert/convert.go:272.17,274.4 1 0
github.com/appleboy/com/convert/convert.go:275.3,275.13 1 0
github.com/appleboy/com/convert/convert.go:276.15,277.25 1 0
github.com/appleboy/com/convert/convert.go:279.2,279.12 1 0
github.com/appleboy/com/convert/convert.go:289.31,291.2 1 1
github.com/appleboy/com/convert/convert.go:300.31,301.16 1 1
github.com/appleboy/com/convert/convert.go:301.16,304.3 2 1
github.com/appleboy/com/convert/convert.go:305.2,305.13 1 1
github.com/appleboy/com/convert/convert.go:318.41,324.16 3 1
github.com/appleboy/com/convert/convert.go:324.16,326.3 1 0
github.com/appleboy/com/convert/convert.go:327.2,327.32 1 1
github.com/appleboy/com/convert/convert_types.go:6.43,8.21 2 1
github.com/appleboy/com/convert/convert_types.go:8.21,10.3 1 1
github.com/appleboy/com/convert/convert_types.go:11.2,11.12 1 1
github.com/appleboy/com/convert/convert_types.go:16.43,18.24 2 1
github.com/appleboy/com/convert/convert_types.go:18.24,19.15 1 1
github.com/appleboy/com/convert/convert_types.go:19.15,21.4 1 1
github.com/appleboy/com/convert/convert_types.go:23.2,23.12 1 1
github.com/appleboy/com/convert/convert_types.go:28.57,30.24 2 1
github.com/appleboy/com/convert/convert_types.go:30.24,33.3 2 1
github.com/appleboy/com/convert/convert_types.go:34.2,34.12 1 1
github.com/appleboy/com/convert/convert_types.go:39.57,41.24 2 1
github.com/appleboy/com/convert/convert_types.go:41.24,42.15 1 1
github.com/appleboy/com/convert/convert_types.go:42.15,44.4 1 1
github.com/appleboy/com/convert/convert_types.go:46.2,46.12 1 1
github.com/appleboy/com/convert/strings.go:16.34,20.2 3 1
github.com/appleboy/com/convert/strings.go:28.41,31.25 3 1
github.com/appleboy/com/convert/strings.go:31.25,32.47 1 1
github.com/appleboy/com/convert/strings.go:32.47,33.13 1 1
github.com/appleboy/com/convert/strings.go:33.13,35.5 1 1
github.com/appleboy/com/convert/strings.go:36.4,36.18 1 1
github.com/appleboy/com/convert/strings.go:38.3,38.17 1 1
github.com/appleboy/com/convert/strings.go:40.2,40.19 1 1
github.com/appleboy/com/convert/strings.go:49.41,54.25 4 1
github.com/appleboy/com/convert/strings.go:54.25,55.10 1 1
github.com/appleboy/com/convert/strings.go:56.19,58.28 2 1
github.com/appleboy/com/convert/strings.go:58.28,60.5 1 1
github.com/appleboy/com/convert/strings.go:61.17,63.12 2 1
github.com/appleboy/com/convert/strings.go:65.3,65.17 1 1
github.com/appleboy/com/convert/strings.go:67.2,67.19 1 1
github.com/appleboy/com/convert/strings.go:75.38,79.2 3 1
github.com/appleboy/com/convert/strings.go:86.42,87.21 1 1
github.com/appleboy/com/convert/strings.go:87.21,88.55 1 1
github.com/appleboy/com/convert/strings.go:90.2,91.35 2 1
